<?xml version="1.0" encoding="UTF-8"?>
<testsuite name="Should unit test Category" tests="1" skipped="0" failures="0" errors="0" timestamp="2022-08-01T22:33:07" hostname="vitor" time="0.04">
  <properties/>
  <testcase name="Given a Valid Category when call update to inactive then return category updated" classname="org.fullcycle.admin.catalogo.domain.category.CategoryTest" time="0.04"/>
  <system-out><![CDATA[]]></system-out>
  <system-err><![CDATA[]]></system-err>
</testsuite>
